2019-08-10 10:40:39,195 [Worker-0: Loading available Gradle versions] INFO  c.g.t.t.d.PublishedGradleVersions - Gradle version information cache is up-to-date. Trying to read.
2019-08-10 10:52:12,143 [Worker-38: Update Maven projects configuration] INFO  o.e.m.c.i.p.ProjectConfigurationManager - Update started
2019-08-10 10:52:17,910 [Worker-38: Update Maven projects configuration] INFO  o.e.m.c.i.l.LifecycleMappingFactory - Using org.eclipse.m2e.jdt.JarLifecycleMapping lifecycle mapping for MavenProject: encore:step10_library-master:0.0.1-SNAPSHOT @ C:\0.encore\01.java\step10_library-master\step10_library-master\target\classes\META-INF\maven\encore\step10_library-master\pom.xml.
2019-08-10 10:52:17,910 [Worker-18: Updating Maven Dependencies] INFO  o.e.m.c.i.l.LifecycleMappingFactory - Using org.eclipse.m2e.jdt.JarLifecycleMapping lifecycle mapping for MavenProject: Lombok:Lombok:0.0.1-SNAPSHOT @ C:\0.encore\01.java\Lombok\pom.xml.
2019-08-10 10:52:22,748 [Worker-17: Updating Maven Dependencies] INFO  o.e.m.c.i.l.LifecycleMappingFactory - Using org.eclipse.m2e.jdt.JarLifecycleMapping lifecycle mapping for MavenProject: Lombok:Lombok:0.0.1-SNAPSHOT @ C:\0.encore\01.java\Lombok\pom.xml.
2019-08-10 10:52:22,791 [Worker-38: Update Maven projects configuration] INFO  o.e.m.j.i.AbstractJavaProjectConfigurator - Adding source folder /encore_step10_library-master/src/main/java
2019-08-10 10:52:22,866 [Worker-38: Update Maven projects configuration] INFO  o.e.m.j.i.AbstractJavaProjectConfigurator - Adding source folder /encore_step10_library-master/src/test/java
2019-08-10 10:52:24,984 [Worker-38: Update Maven projects configuration] INFO  o.e.m.c.i.p.ProjectConfigurationManager - Update completed: 12 sec
2019-08-10 10:52:27,280 [Worker-18: Building workspace] WARN  o.e.m.c.i.embedder.EclipseLogger - Using platform encoding (MS949 actually) to copy filtered resources, i.e. build is platform dependent!
2019-08-10 10:52:27,296 [Worker-18: Building workspace] INFO  o.e.m.c.i.embedder.EclipseLogger - Copying 0 resource
2019-08-10 10:52:27,297 [Worker-18: Building workspace] WARN  o.e.m.c.i.embedder.EclipseLogger - Using platform encoding (MS949 actually) to copy filtered resources, i.e. build is platform dependent!
2019-08-10 10:52:27,306 [Worker-18: Building workspace] INFO  o.e.m.c.i.embedder.EclipseLogger - Copying 0 resource
2019-08-10 10:52:31,089 [Worker-18: Building workspace] INFO  o.e.m.c.i.l.LifecycleMappingFactory - Using org.eclipse.m2e.jdt.JarLifecycleMapping lifecycle mapping for MavenProject: ShrimpBoat:Crawling_Sample:0.0.1-SNAPSHOT @ C:\0.encore\01.java\190722_jsoup댓글크롤링\변영인\Project_Mini_WebCrawler\pom.xml.
2019-08-10 10:52:32,635 [Worker-18: Building workspace] WARN  o.e.m.c.i.embedder.EclipseLogger - Using platform encoding (MS949 actually) to copy filtered resources, i.e. build is platform dependent!
2019-08-10 10:52:32,644 [Worker-18: Building workspace] INFO  o.e.m.c.i.embedder.EclipseLogger - skip non existing resourceDirectory C:\0.encore\01.java\190722_jsoup댓글크롤링\변영인\Project_Mini_WebCrawler\src\main\resources
2019-08-10 10:52:32,645 [Worker-18: Building workspace] WARN  o.e.m.c.i.embedder.EclipseLogger - Using platform encoding (MS949 actually) to copy filtered resources, i.e. build is platform dependent!
2019-08-10 10:52:32,659 [Worker-18: Building workspace] INFO  o.e.m.c.i.embedder.EclipseLogger - skip non existing resourceDirectory C:\0.encore\01.java\190722_jsoup댓글크롤링\변영인\Project_Mini_WebCrawler\src\test\resources
2019-08-10 10:52:33,248 [Worker-18: Building workspace] INFO  o.e.m.c.i.l.LifecycleMappingFactory - Using org.eclipse.m2e.jdt.JarLifecycleMapping lifecycle mapping for MavenProject: Step14_TeamProject:Step14_TeamProject:0.0.1-SNAPSHOT @ C:\0.encore\01.java\Step14_TeamProject\pom.xml.
2019-08-10 10:52:33,828 [Worker-18: Building workspace] WARN  o.e.m.c.i.embedder.EclipseLogger - Using platform encoding (MS949 actually) to copy filtered resources, i.e. build is platform dependent!
2019-08-10 10:52:33,842 [Worker-18: Building workspace] INFO  o.e.m.c.i.embedder.EclipseLogger - skip non existing resourceDirectory C:\0.encore\01.java\Step14_TeamProject\src\main\resources
2019-08-10 10:52:33,862 [Worker-18: Building workspace] WARN  o.e.m.c.i.embedder.EclipseLogger - Using platform encoding (MS949 actually) to copy filtered resources, i.e. build is platform dependent!
2019-08-10 10:52:33,880 [Worker-18: Building workspace] INFO  o.e.m.c.i.embedder.EclipseLogger - skip non existing resourceDirectory C:\0.encore\01.java\Step14_TeamProject\src\test\resources
2019-08-10 10:52:33,952 [Worker-18: Building workspace] WARN  o.e.m.c.i.embedder.EclipseLogger - Using platform encoding (MS949 actually) to copy filtered resources, i.e. build is platform dependent!
2019-08-10 10:52:33,963 [Worker-18: Building workspace] INFO  o.e.m.c.i.embedder.EclipseLogger - skip non existing resourceDirectory C:\0.encore\01.java\step10_library-master\step10_library-master\target\classes\META-INF\maven\encore\step10_library-master\src\main\resources
2019-08-10 10:52:33,970 [Worker-18: Building workspace] WARN  o.e.m.c.i.embedder.EclipseLogger - Using platform encoding (MS949 actually) to copy filtered resources, i.e. build is platform dependent!
2019-08-10 10:52:33,982 [Worker-18: Building workspace] INFO  o.e.m.c.i.embedder.EclipseLogger - skip non existing resourceDirectory C:\0.encore\01.java\step10_library-master\step10_library-master\target\classes\META-INF\maven\encore\step10_library-master\src\test\resources
2019-08-10 10:52:36,094 [Worker-18: Building workspace] INFO  o.e.m.c.i.l.LifecycleMappingFactory - Using org.eclipse.m2e.jdt.JarLifecycleMapping lifecycle mapping for MavenProject: encore:step07_mavenlombok:0.0.1-SNAPSHOT @ C:\0.encore\01.java\step07_mavenlombok\pom.xml.
2019-08-10 10:52:36,332 [Worker-18: Building workspace] WARN  o.e.m.c.i.embedder.EclipseLogger - Using platform encoding (MS949 actually) to copy filtered resources, i.e. build is platform dependent!
2019-08-10 10:52:36,342 [Worker-18: Building workspace] INFO  o.e.m.c.i.embedder.EclipseLogger - skip non existing resourceDirectory C:\0.encore\01.java\step07_mavenlombok\src\main\resources
2019-08-10 10:52:36,344 [Worker-18: Building workspace] WARN  o.e.m.c.i.embedder.EclipseLogger - Using platform encoding (MS949 actually) to copy filtered resources, i.e. build is platform dependent!
2019-08-10 10:52:36,354 [Worker-18: Building workspace] INFO  o.e.m.c.i.embedder.EclipseLogger - skip non existing resourceDirectory C:\0.encore\01.java\step07_mavenlombok\src\test\resources
2019-08-10 10:52:36,576 [Worker-18: Building workspace] INFO  o.e.m.c.i.l.LifecycleMappingFactory - Using org.eclipse.m2e.jdt.JarLifecycleMapping lifecycle mapping for MavenProject: encore:step08_API:0.0.1-SNAPSHOT @ C:\0.encore\01.java\step08_API\pom.xml.
2019-08-10 10:52:36,782 [Worker-18: Building workspace] WARN  o.e.m.c.i.embedder.EclipseLogger - Using platform encoding (MS949 actually) to copy filtered resources, i.e. build is platform dependent!
2019-08-10 10:52:36,794 [Worker-18: Building workspace] INFO  o.e.m.c.i.embedder.EclipseLogger - skip non existing resourceDirectory C:\0.encore\01.java\step08_API\src\main\resources
2019-08-10 10:52:36,802 [Worker-18: Building workspace] WARN  o.e.m.c.i.embedder.EclipseLogger - Using platform encoding (MS949 actually) to copy filtered resources, i.e. build is platform dependent!
2019-08-10 10:52:36,810 [Worker-18: Building workspace] INFO  o.e.m.c.i.embedder.EclipseLogger - skip non existing resourceDirectory C:\0.encore\01.java\step08_API\src\test\resources
2019-08-10 10:52:37,053 [Worker-18: Building workspace] INFO  o.e.m.c.i.l.LifecycleMappingFactory - Using org.eclipse.m2e.jdt.JarLifecycleMapping lifecycle mapping for MavenProject: step08_API_Country:step08_API_Country:0.0.1-SNAPSHOT @ C:\0.encore\01.java\step08_API_MBA\pom.xml.
2019-08-10 10:52:37,348 [Worker-18: Building workspace] WARN  o.e.m.c.i.embedder.EclipseLogger - Using platform encoding (MS949 actually) to copy filtered resources, i.e. build is platform dependent!
2019-08-10 10:52:37,359 [Worker-18: Building workspace] INFO  o.e.m.c.i.embedder.EclipseLogger - skip non existing resourceDirectory C:\0.encore\01.java\step08_API_MBA\src\main\resources
2019-08-10 10:52:37,361 [Worker-18: Building workspace] WARN  o.e.m.c.i.embedder.EclipseLogger - Using platform encoding (MS949 actually) to copy filtered resources, i.e. build is platform dependent!
2019-08-10 10:52:37,377 [Worker-18: Building workspace] INFO  o.e.m.c.i.embedder.EclipseLogger - skip non existing resourceDirectory C:\0.encore\01.java\step08_API_MBA\src\test\resources
2019-08-10 10:52:37,836 [Worker-18: Building workspace] INFO  o.e.m.c.i.l.LifecycleMappingFactory - Using org.eclipse.m2e.jdt.JarLifecycleMapping lifecycle mapping for MavenProject: step10_OOPProject:step10_OOPProject:0.0.1-SNAPSHOT @ C:\0.encore\01.java\step10_OOPProject\pom.xml.
2019-08-10 10:52:38,082 [Worker-18: Building workspace] WARN  o.e.m.c.i.embedder.EclipseLogger - Using platform encoding (MS949 actually) to copy filtered resources, i.e. build is platform dependent!
2019-08-10 10:52:38,090 [Worker-18: Building workspace] INFO  o.e.m.c.i.embedder.EclipseLogger - skip non existing resourceDirectory C:\0.encore\01.java\step10_OOPProject\src\main\resources
2019-08-10 10:52:38,099 [Worker-18: Building workspace] WARN  o.e.m.c.i.embedder.EclipseLogger - Using platform encoding (MS949 actually) to copy filtered resources, i.e. build is platform dependent!
2019-08-10 10:52:38,108 [Worker-18: Building workspace] INFO  o.e.m.c.i.embedder.EclipseLogger - skip non existing resourceDirectory C:\0.encore\01.java\step10_OOPProject\src\test\resources
2019-08-10 10:52:38,530 [Worker-18: Building workspace] INFO  o.e.m.c.i.l.LifecycleMappingFactory - Using org.eclipse.m2e.jdt.JarLifecycleMapping lifecycle mapping for MavenProject: Encore:step_10library:0.0.1-SNAPSHOT @ C:\0.encore\01.java\step10_library-master\step10_library-master\step10_library\pom.xml.
2019-08-10 10:52:38,784 [Worker-18: Building workspace] WARN  o.e.m.c.i.embedder.EclipseLogger - Using platform encoding (MS949 actually) to copy filtered resources, i.e. build is platform dependent!
2019-08-10 10:52:38,800 [Worker-18: Building workspace] INFO  o.e.m.c.i.embedder.EclipseLogger - skip non existing resourceDirectory C:\0.encore\01.java\step10_library-master\step10_library-master\step10_library\src\main\resources
2019-08-10 10:52:38,802 [Worker-18: Building workspace] WARN  o.e.m.c.i.embedder.EclipseLogger - Using platform encoding (MS949 actually) to copy filtered resources, i.e. build is platform dependent!
2019-08-10 10:52:38,811 [Worker-18: Building workspace] INFO  o.e.m.c.i.embedder.EclipseLogger - skip non existing resourceDirectory C:\0.encore\01.java\step10_library-master\step10_library-master\step10_library\src\test\resources
2019-08-10 10:52:39,172 [Worker-18: Building workspace] INFO  o.e.m.c.i.l.LifecycleMappingFactory - Using org.eclipse.m2e.jdt.JarLifecycleMapping lifecycle mapping for MavenProject: encore:step11_jsoupTest:0.0.1-SNAPSHOT @ C:\0.encore\01.java\step11_jsoupTest\pom.xml.
2019-08-10 10:52:39,382 [Worker-18: Building workspace] WARN  o.e.m.c.i.embedder.EclipseLogger - Using platform encoding (MS949 actually) to copy filtered resources, i.e. build is platform dependent!
2019-08-10 10:52:39,389 [Worker-18: Building workspace] INFO  o.e.m.c.i.embedder.EclipseLogger - skip non existing resourceDirectory C:\0.encore\01.java\step11_jsoupTest\src\main\resources
2019-08-10 10:52:39,390 [Worker-18: Building workspace] WARN  o.e.m.c.i.embedder.EclipseLogger - Using platform encoding (MS949 actually) to copy filtered resources, i.e. build is platform dependent!
2019-08-10 10:52:39,395 [Worker-18: Building workspace] INFO  o.e.m.c.i.embedder.EclipseLogger - skip non existing resourceDirectory C:\0.encore\01.java\step11_jsoupTest\src\test\resources
2019-08-10 10:52:39,589 [Worker-18: Building workspace] INFO  o.e.m.c.i.l.LifecycleMappingFactory - Using org.eclipse.m2e.jdt.JarLifecycleMapping lifecycle mapping for MavenProject: encore:step11_jsoupTest:0.0.1-SNAPSHOT @ C:\0.encore\01.java\190722_jsoup댓글크롤링\조영욱\step11_jsoupTest_\pom.xml.
2019-08-10 10:52:39,658 [Worker-18: Building workspace] WARN  o.e.m.c.i.embedder.EclipseLogger - Using platform encoding (MS949 actually) to copy filtered resources, i.e. build is platform dependent!
2019-08-10 10:52:39,664 [Worker-18: Building workspace] INFO  o.e.m.c.i.embedder.EclipseLogger - skip non existing resourceDirectory C:\0.encore\01.java\190722_jsoup댓글크롤링\조영욱\step11_jsoupTest_\src\main\resources
2019-08-10 10:52:39,666 [Worker-18: Building workspace] WARN  o.e.m.c.i.embedder.EclipseLogger - Using platform encoding (MS949 actually) to copy filtered resources, i.e. build is platform dependent!
2019-08-10 10:52:39,681 [Worker-18: Building workspace] INFO  o.e.m.c.i.embedder.EclipseLogger - skip non existing resourceDirectory C:\0.encore\01.java\190722_jsoup댓글크롤링\조영욱\step11_jsoupTest_\src\test\resources
2019-08-10 10:52:39,907 [Worker-18: Building workspace] INFO  o.e.m.c.i.l.LifecycleMappingFactory - Using org.eclipse.m2e.jdt.JarLifecycleMapping lifecycle mapping for MavenProject: encore:encore:0.0.1-SNAPSHOT @ C:\0.encore\01.java\step12_JDBC\pom.xml.
2019-08-10 10:52:40,158 [Worker-18: Building workspace] WARN  o.e.m.c.i.embedder.EclipseLogger - Using platform encoding (MS949 actually) to copy filtered resources, i.e. build is platform dependent!
2019-08-10 10:52:40,165 [Worker-18: Building workspace] INFO  o.e.m.c.i.embedder.EclipseLogger - skip non existing resourceDirectory C:\0.encore\01.java\step12_JDBC\src\main\resources
2019-08-10 10:52:40,172 [Worker-18: Building workspace] WARN  o.e.m.c.i.embedder.EclipseLogger - Using platform encoding (MS949 actually) to copy filtered resources, i.e. build is platform dependent!
2019-08-10 10:52:40,178 [Worker-18: Building workspace] INFO  o.e.m.c.i.embedder.EclipseLogger - skip non existing resourceDirectory C:\0.encore\01.java\step12_JDBC\src\test\resources
2019-08-10 10:52:40,440 [Worker-18: Building workspace] INFO  o.e.m.c.i.l.LifecycleMappingFactory - Using org.eclipse.m2e.jdt.JarLifecycleMapping lifecycle mapping for MavenProject: encore:step12_JDBC:0.0.1-SNAPSHOT @ C:\0.encore\01.java\step12_JDBC_t\pom.xml.
2019-08-10 10:52:40,649 [Worker-18: Building workspace] WARN  o.e.m.c.i.embedder.EclipseLogger - Using platform encoding (MS949 actually) to copy filtered resources, i.e. build is platform dependent!
2019-08-10 10:52:40,663 [Worker-18: Building workspace] INFO  o.e.m.c.i.embedder.EclipseLogger - skip non existing resourceDirectory C:\0.encore\01.java\step12_JDBC_t\src\main\resources
2019-08-10 10:52:40,664 [Worker-18: Building workspace] WARN  o.e.m.c.i.embedder.EclipseLogger - Using platform encoding (MS949 actually) to copy filtered resources, i.e. build is platform dependent!
2019-08-10 10:52:40,672 [Worker-18: Building workspace] INFO  o.e.m.c.i.embedder.EclipseLogger - skip non existing resourceDirectory C:\0.encore\01.java\step12_JDBC_t\src\test\resources
2019-08-10 10:52:41,326 [Worker-18: Building workspace] INFO  o.e.m.c.i.l.LifecycleMappingFactory - Using org.eclipse.m2e.jdt.JarLifecycleMapping lifecycle mapping for MavenProject: vendingMachine:vendingMachine:0.0.1-SNAPSHOT @ C:\0.encore\01.java\vendingMachine\pom.xml.
2019-08-10 10:52:41,554 [Worker-18: Building workspace] WARN  o.e.m.c.i.embedder.EclipseLogger - Using platform encoding (MS949 actually) to copy filtered resources, i.e. build is platform dependent!
2019-08-10 10:52:41,560 [Worker-18: Building workspace] INFO  o.e.m.c.i.embedder.EclipseLogger - skip non existing resourceDirectory C:\0.encore\01.java\vendingMachine\src\main\resources
2019-08-10 10:52:41,561 [Worker-18: Building workspace] WARN  o.e.m.c.i.embedder.EclipseLogger - Using platform encoding (MS949 actually) to copy filtered resources, i.e. build is platform dependent!
2019-08-10 10:52:41,568 [Worker-18: Building workspace] INFO  o.e.m.c.i.embedder.EclipseLogger - skip non existing resourceDirectory C:\0.encore\01.java\vendingMachine\src\test\resources
2019-08-10 10:52:42,921 [Worker-15: Building workspace] WARN  o.e.m.c.i.embedder.EclipseLogger - Using platform encoding (MS949 actually) to copy filtered resources, i.e. build is platform dependent!
2019-08-10 10:52:42,931 [Worker-15: Building workspace] INFO  o.e.m.c.i.embedder.EclipseLogger - skip non existing resourceDirectory C:\0.encore\01.java\190722_jsoup댓글크롤링\변영인\Project_Mini_WebCrawler\src\main\resources
2019-08-10 10:52:42,933 [Worker-15: Building workspace] WARN  o.e.m.c.i.embedder.EclipseLogger - Using platform encoding (MS949 actually) to copy filtered resources, i.e. build is platform dependent!
2019-08-10 10:52:42,942 [Worker-15: Building workspace] INFO  o.e.m.c.i.embedder.EclipseLogger - skip non existing resourceDirectory C:\0.encore\01.java\190722_jsoup댓글크롤링\변영인\Project_Mini_WebCrawler\src\test\resources
2019-08-10 10:52:43,391 [Worker-15: Building workspace] WARN  o.e.m.c.i.embedder.EclipseLogger - Using platform encoding (MS949 actually) to copy filtered resources, i.e. build is platform dependent!
2019-08-10 10:52:43,403 [Worker-15: Building workspace] INFO  o.e.m.c.i.embedder.EclipseLogger - skip non existing resourceDirectory C:\0.encore\01.java\Step14_TeamProject\src\main\resources
2019-08-10 10:52:43,410 [Worker-15: Building workspace] WARN  o.e.m.c.i.embedder.EclipseLogger - Using platform encoding (MS949 actually) to copy filtered resources, i.e. build is platform dependent!
2019-08-10 10:52:43,417 [Worker-15: Building workspace] INFO  o.e.m.c.i.embedder.EclipseLogger - skip non existing resourceDirectory C:\0.encore\01.java\Step14_TeamProject\src\test\resources
2019-08-10 10:52:43,512 [Worker-15: Building workspace] WARN  o.e.m.c.i.embedder.EclipseLogger - Using platform encoding (MS949 actually) to copy filtered resources, i.e. build is platform dependent!
2019-08-10 10:52:43,518 [Worker-15: Building workspace] INFO  o.e.m.c.i.embedder.EclipseLogger - skip non existing resourceDirectory C:\0.encore\01.java\step07_mavenlombok\src\main\resources
2019-08-10 10:52:43,519 [Worker-15: Building workspace] WARN  o.e.m.c.i.embedder.EclipseLogger - Using platform encoding (MS949 actually) to copy filtered resources, i.e. build is platform dependent!
2019-08-10 10:52:43,526 [Worker-15: Building workspace] INFO  o.e.m.c.i.embedder.EclipseLogger - skip non existing resourceDirectory C:\0.encore\01.java\step07_mavenlombok\src\test\resources
2019-08-10 10:52:43,659 [Worker-15: Building workspace] WARN  o.e.m.c.i.embedder.EclipseLogger - Using platform encoding (MS949 actually) to copy filtered resources, i.e. build is platform dependent!
2019-08-10 10:52:43,667 [Worker-15: Building workspace] INFO  o.e.m.c.i.embedder.EclipseLogger - skip non existing resourceDirectory C:\0.encore\01.java\step08_API\src\main\resources
2019-08-10 10:52:43,668 [Worker-15: Building workspace] WARN  o.e.m.c.i.embedder.EclipseLogger - Using platform encoding (MS949 actually) to copy filtered resources, i.e. build is platform dependent!
2019-08-10 10:52:43,676 [Worker-15: Building workspace] INFO  o.e.m.c.i.embedder.EclipseLogger - skip non existing resourceDirectory C:\0.encore\01.java\step08_API\src\test\resources
2019-08-10 10:52:43,836 [Worker-15: Building workspace] WARN  o.e.m.c.i.embedder.EclipseLogger - Using platform encoding (MS949 actually) to copy filtered resources, i.e. build is platform dependent!
2019-08-10 10:52:43,844 [Worker-15: Building workspace] INFO  o.e.m.c.i.embedder.EclipseLogger - skip non existing resourceDirectory C:\0.encore\01.java\step08_API_MBA\src\main\resources
2019-08-10 10:52:43,845 [Worker-15: Building workspace] WARN  o.e.m.c.i.embedder.EclipseLogger - Using platform encoding (MS949 actually) to copy filtered resources, i.e. build is platform dependent!
2019-08-10 10:52:43,853 [Worker-15: Building workspace] INFO  o.e.m.c.i.embedder.EclipseLogger - skip non existing resourceDirectory C:\0.encore\01.java\step08_API_MBA\src\test\resources
2019-08-10 10:52:44,041 [Worker-15: Building workspace] WARN  o.e.m.c.i.embedder.EclipseLogger - Using platform encoding (MS949 actually) to copy filtered resources, i.e. build is platform dependent!
2019-08-10 10:52:44,046 [Worker-15: Building workspace] INFO  o.e.m.c.i.embedder.EclipseLogger - skip non existing resourceDirectory C:\0.encore\01.java\step10_OOPProject\src\main\resources
2019-08-10 10:52:44,047 [Worker-15: Building workspace] WARN  o.e.m.c.i.embedder.EclipseLogger - Using platform encoding (MS949 actually) to copy filtered resources, i.e. build is platform dependent!
2019-08-10 10:52:44,052 [Worker-15: Building workspace] INFO  o.e.m.c.i.embedder.EclipseLogger - skip non existing resourceDirectory C:\0.encore\01.java\step10_OOPProject\src\test\resources
2019-08-10 10:52:44,383 [Worker-15: Building workspace] WARN  o.e.m.c.i.embedder.EclipseLogger - Using platform encoding (MS949 actually) to copy filtered resources, i.e. build is platform dependent!
2019-08-10 10:52:44,415 [Worker-15: Building workspace] INFO  o.e.m.c.i.embedder.EclipseLogger - skip non existing resourceDirectory C:\0.encore\01.java\step10_library-master\step10_library-master\step10_library\src\main\resources
2019-08-10 10:52:44,416 [Worker-15: Building workspace] WARN  o.e.m.c.i.embedder.EclipseLogger - Using platform encoding (MS949 actually) to copy filtered resources, i.e. build is platform dependent!
2019-08-10 10:52:44,425 [Worker-15: Building workspace] INFO  o.e.m.c.i.embedder.EclipseLogger - skip non existing resourceDirectory C:\0.encore\01.java\step10_library-master\step10_library-master\step10_library\src\test\resources
2019-08-10 10:52:44,844 [Worker-15: Building workspace] WARN  o.e.m.c.i.embedder.EclipseLogger - Using platform encoding (MS949 actually) to copy filtered resources, i.e. build is platform dependent!
2019-08-10 10:52:44,852 [Worker-15: Building workspace] INFO  o.e.m.c.i.embedder.EclipseLogger - skip non existing resourceDirectory C:\0.encore\01.java\step11_jsoupTest\src\main\resources
2019-08-10 10:52:44,853 [Worker-15: Building workspace] WARN  o.e.m.c.i.embedder.EclipseLogger - Using platform encoding (MS949 actually) to copy filtered resources, i.e. build is platform dependent!
2019-08-10 10:52:44,861 [Worker-15: Building workspace] INFO  o.e.m.c.i.embedder.EclipseLogger - skip non existing resourceDirectory C:\0.encore\01.java\step11_jsoupTest\src\test\resources
2019-08-10 10:52:44,936 [Worker-15: Building workspace] WARN  o.e.m.c.i.embedder.EclipseLogger - Using platform encoding (MS949 actually) to copy filtered resources, i.e. build is platform dependent!
2019-08-10 10:52:44,942 [Worker-15: Building workspace] INFO  o.e.m.c.i.embedder.EclipseLogger - skip non existing resourceDirectory C:\0.encore\01.java\190722_jsoup댓글크롤링\조영욱\step11_jsoupTest_\src\main\resources
2019-08-10 10:52:44,943 [Worker-15: Building workspace] WARN  o.e.m.c.i.embedder.EclipseLogger - Using platform encoding (MS949 actually) to copy filtered resources, i.e. build is platform dependent!
2019-08-10 10:52:44,950 [Worker-15: Building workspace] INFO  o.e.m.c.i.embedder.EclipseLogger - skip non existing resourceDirectory C:\0.encore\01.java\190722_jsoup댓글크롤링\조영욱\step11_jsoupTest_\src\test\resources
2019-08-10 10:52:45,049 [Worker-15: Building workspace] WARN  o.e.m.c.i.embedder.EclipseLogger - Using platform encoding (MS949 actually) to copy filtered resources, i.e. build is platform dependent!
2019-08-10 10:52:45,057 [Worker-15: Building workspace] INFO  o.e.m.c.i.embedder.EclipseLogger - skip non existing resourceDirectory C:\0.encore\01.java\step12_JDBC\src\main\resources
2019-08-10 10:52:45,058 [Worker-15: Building workspace] WARN  o.e.m.c.i.embedder.EclipseLogger - Using platform encoding (MS949 actually) to copy filtered resources, i.e. build is platform dependent!
2019-08-10 10:52:45,069 [Worker-15: Building workspace] INFO  o.e.m.c.i.embedder.EclipseLogger - skip non existing resourceDirectory C:\0.encore\01.java\step12_JDBC\src\test\resources
2019-08-10 10:52:45,154 [Worker-15: Building workspace] WARN  o.e.m.c.i.embedder.EclipseLogger - Using platform encoding (MS949 actually) to copy filtered resources, i.e. build is platform dependent!
2019-08-10 10:52:45,162 [Worker-15: Building workspace] INFO  o.e.m.c.i.embedder.EclipseLogger - skip non existing resourceDirectory C:\0.encore\01.java\step12_JDBC_t\src\main\resources
2019-08-10 10:52:45,163 [Worker-15: Building workspace] WARN  o.e.m.c.i.embedder.EclipseLogger - Using platform encoding (MS949 actually) to copy filtered resources, i.e. build is platform dependent!
2019-08-10 10:52:45,172 [Worker-15: Building workspace] INFO  o.e.m.c.i.embedder.EclipseLogger - skip non existing resourceDirectory C:\0.encore\01.java\step12_JDBC_t\src\test\resources
2019-08-10 10:52:45,545 [Worker-15: Building workspace] WARN  o.e.m.c.i.embedder.EclipseLogger - Using platform encoding (MS949 actually) to copy filtered resources, i.e. build is platform dependent!
2019-08-10 10:52:45,556 [Worker-15: Building workspace] INFO  o.e.m.c.i.embedder.EclipseLogger - skip non existing resourceDirectory C:\0.encore\01.java\vendingMachine\src\main\resources
2019-08-10 10:52:45,557 [Worker-15: Building workspace] WARN  o.e.m.c.i.embedder.EclipseLogger - Using platform encoding (MS949 actually) to copy filtered resources, i.e. build is platform dependent!
2019-08-10 10:52:45,568 [Worker-15: Building workspace] INFO  o.e.m.c.i.embedder.EclipseLogger - skip non existing resourceDirectory C:\0.encore\01.java\vendingMachine\src\test\resources
2019-08-10 10:56:11,222 [Worker-1: Loading available Gradle versions] INFO  c.g.t.t.d.PublishedGradleVersions - Gradle version information cache is up-to-date. Trying to read.
2019-08-10 10:56:23,002 [Worker-11: Building workspace] WARN  o.e.m.c.i.embedder.EclipseLogger - Using platform encoding (MS949 actually) to copy filtered resources, i.e. build is platform dependent!
2019-08-10 10:56:23,021 [Worker-11: Building workspace] INFO  o.e.m.c.i.embedder.EclipseLogger - Copying 0 resource
2019-08-10 10:56:23,025 [Worker-11: Building workspace] WARN  o.e.m.c.i.embedder.EclipseLogger - Using platform encoding (MS949 actually) to copy filtered resources, i.e. build is platform dependent!
2019-08-10 10:56:23,055 [Worker-11: Building workspace] INFO  o.e.m.c.i.embedder.EclipseLogger - Copying 0 resource
2019-08-10 10:56:24,264 [Worker-11: Building workspace] WARN  o.e.m.c.i.embedder.EclipseLogger - Using platform encoding (MS949 actually) to copy filtered resources, i.e. build is platform dependent!
2019-08-10 10:56:24,283 [Worker-11: Building workspace] INFO  o.e.m.c.i.embedder.EclipseLogger - skip non existing resourceDirectory C:\0.encore\01.java\190722_jsoup댓글크롤링\변영인\Project_Mini_WebCrawler\src\main\resources
2019-08-10 10:56:24,286 [Worker-11: Building workspace] WARN  o.e.m.c.i.embedder.EclipseLogger - Using platform encoding (MS949 actually) to copy filtered resources, i.e. build is platform dependent!
2019-08-10 10:56:24,343 [Worker-11: Building workspace] INFO  o.e.m.c.i.embedder.EclipseLogger - skip non existing resourceDirectory C:\0.encore\01.java\190722_jsoup댓글크롤링\변영인\Project_Mini_WebCrawler\src\test\resources
2019-08-10 10:56:25,134 [Worker-11: Building workspace] WARN  o.e.m.c.i.embedder.EclipseLogger - Using platform encoding (MS949 actually) to copy filtered resources, i.e. build is platform dependent!
2019-08-10 10:56:25,145 [Worker-11: Building workspace] INFO  o.e.m.c.i.embedder.EclipseLogger - skip non existing resourceDirectory C:\0.encore\01.java\Step14_TeamProject\src\main\resources
2019-08-10 10:56:25,149 [Worker-11: Building workspace] WARN  o.e.m.c.i.embedder.EclipseLogger - Using platform encoding (MS949 actually) to copy filtered resources, i.e. build is platform dependent!
2019-08-10 10:56:25,159 [Worker-11: Building workspace] INFO  o.e.m.c.i.embedder.EclipseLogger - skip non existing resourceDirectory C:\0.encore\01.java\Step14_TeamProject\src\test\resources
2019-08-10 10:56:25,222 [Worker-11: Building workspace] WARN  o.e.m.c.i.embedder.EclipseLogger - Using platform encoding (MS949 actually) to copy filtered resources, i.e. build is platform dependent!
2019-08-10 10:56:25,234 [Worker-11: Building workspace] INFO  o.e.m.c.i.embedder.EclipseLogger - skip non existing resourceDirectory C:\0.encore\01.java\step10_library-master\step10_library-master\target\classes\META-INF\maven\encore\step10_library-master\src\main\resources
2019-08-10 10:56:25,235 [Worker-11: Building workspace] WARN  o.e.m.c.i.embedder.EclipseLogger - Using platform encoding (MS949 actually) to copy filtered resources, i.e. build is platform dependent!
2019-08-10 10:56:25,250 [Worker-11: Building workspace] INFO  o.e.m.c.i.embedder.EclipseLogger - skip non existing resourceDirectory C:\0.encore\01.java\step10_library-master\step10_library-master\target\classes\META-INF\maven\encore\step10_library-master\src\test\resources
2019-08-10 10:56:26,645 [Worker-11: Building workspace] WARN  o.e.m.c.i.embedder.EclipseLogger - Using platform encoding (MS949 actually) to copy filtered resources, i.e. build is platform dependent!
2019-08-10 10:56:26,654 [Worker-11: Building workspace] INFO  o.e.m.c.i.embedder.EclipseLogger - skip non existing resourceDirectory C:\0.encore\01.java\step07_mavenlombok\src\main\resources
2019-08-10 10:56:26,658 [Worker-11: Building workspace] WARN  o.e.m.c.i.embedder.EclipseLogger - Using platform encoding (MS949 actually) to copy filtered resources, i.e. build is platform dependent!
2019-08-10 10:56:26,682 [Worker-11: Building workspace] INFO  o.e.m.c.i.embedder.EclipseLogger - skip non existing resourceDirectory C:\0.encore\01.java\step07_mavenlombok\src\test\resources
2019-08-10 10:56:27,241 [Worker-11: Building workspace] WARN  o.e.m.c.i.embedder.EclipseLogger - Using platform encoding (MS949 actually) to copy filtered resources, i.e. build is platform dependent!
2019-08-10 10:56:27,277 [Worker-11: Building workspace] INFO  o.e.m.c.i.embedder.EclipseLogger - skip non existing resourceDirectory C:\0.encore\01.java\step08_API\src\main\resources
2019-08-10 10:56:27,279 [Worker-11: Building workspace] WARN  o.e.m.c.i.embedder.EclipseLogger - Using platform encoding (MS949 actually) to copy filtered resources, i.e. build is platform dependent!
2019-08-10 10:56:27,300 [Worker-11: Building workspace] INFO  o.e.m.c.i.embedder.EclipseLogger - skip non existing resourceDirectory C:\0.encore\01.java\step08_API\src\test\resources
2019-08-10 10:56:27,524 [Worker-11: Building workspace] WARN  o.e.m.c.i.embedder.EclipseLogger - Using platform encoding (MS949 actually) to copy filtered resources, i.e. build is platform dependent!
2019-08-10 10:56:27,533 [Worker-11: Building workspace] INFO  o.e.m.c.i.embedder.EclipseLogger - skip non existing resourceDirectory C:\0.encore\01.java\step08_API_MBA\src\main\resources
2019-08-10 10:56:27,535 [Worker-11: Building workspace] WARN  o.e.m.c.i.embedder.EclipseLogger - Using platform encoding (MS949 actually) to copy filtered resources, i.e. build is platform dependent!
2019-08-10 10:56:27,553 [Worker-11: Building workspace] INFO  o.e.m.c.i.embedder.EclipseLogger - skip non existing resourceDirectory C:\0.encore\01.java\step08_API_MBA\src\test\resources
2019-08-10 10:56:28,072 [Worker-11: Building workspace] WARN  o.e.m.c.i.embedder.EclipseLogger - Using platform encoding (MS949 actually) to copy filtered resources, i.e. build is platform dependent!
2019-08-10 10:56:28,098 [Worker-11: Building workspace] INFO  o.e.m.c.i.embedder.EclipseLogger - skip non existing resourceDirectory C:\0.encore\01.java\step10_OOPProject\src\main\resources
2019-08-10 10:56:28,104 [Worker-11: Building workspace] WARN  o.e.m.c.i.embedder.EclipseLogger - Using platform encoding (MS949 actually) to copy filtered resources, i.e. build is platform dependent!
2019-08-10 10:56:28,123 [Worker-11: Building workspace] INFO  o.e.m.c.i.embedder.EclipseLogger - skip non existing resourceDirectory C:\0.encore\01.java\step10_OOPProject\src\test\resources
2019-08-10 10:56:28,613 [Worker-11: Building workspace] WARN  o.e.m.c.i.embedder.EclipseLogger - Using platform encoding (MS949 actually) to copy filtered resources, i.e. build is platform dependent!
2019-08-10 10:56:28,621 [Worker-11: Building workspace] INFO  o.e.m.c.i.embedder.EclipseLogger - skip non existing resourceDirectory C:\0.encore\01.java\step10_library-master\step10_library-master\step10_library\src\main\resources
2019-08-10 10:56:28,622 [Worker-11: Building workspace] WARN  o.e.m.c.i.embedder.EclipseLogger - Using platform encoding (MS949 actually) to copy filtered resources, i.e. build is platform dependent!
2019-08-10 10:56:28,639 [Worker-11: Building workspace] INFO  o.e.m.c.i.embedder.EclipseLogger - skip non existing resourceDirectory C:\0.encore\01.java\step10_library-master\step10_library-master\step10_library\src\test\resources
2019-08-10 10:56:29,076 [Worker-11: Building workspace] WARN  o.e.m.c.i.embedder.EclipseLogger - Using platform encoding (MS949 actually) to copy filtered resources, i.e. build is platform dependent!
2019-08-10 10:56:29,085 [Worker-11: Building workspace] INFO  o.e.m.c.i.embedder.EclipseLogger - skip non existing resourceDirectory C:\0.encore\01.java\step11_jsoupTest\src\main\resources
2019-08-10 10:56:29,087 [Worker-11: Building workspace] WARN  o.e.m.c.i.embedder.EclipseLogger - Using platform encoding (MS949 actually) to copy filtered resources, i.e. build is platform dependent!
2019-08-10 10:56:29,101 [Worker-11: Building workspace] INFO  o.e.m.c.i.embedder.EclipseLogger - skip non existing resourceDirectory C:\0.encore\01.java\step11_jsoupTest\src\test\resources
2019-08-10 10:56:29,231 [Worker-11: Building workspace] WARN  o.e.m.c.i.embedder.EclipseLogger - Using platform encoding (MS949 actually) to copy filtered resources, i.e. build is platform dependent!
2019-08-10 10:56:29,239 [Worker-11: Building workspace] INFO  o.e.m.c.i.embedder.EclipseLogger - skip non existing resourceDirectory C:\0.encore\01.java\190722_jsoup댓글크롤링\조영욱\step11_jsoupTest_\src\main\resources
2019-08-10 10:56:29,240 [Worker-11: Building workspace] WARN  o.e.m.c.i.embedder.EclipseLogger - Using platform encoding (MS949 actually) to copy filtered resources, i.e. build is platform dependent!
2019-08-10 10:56:29,263 [Worker-11: Building workspace] INFO  o.e.m.c.i.embedder.EclipseLogger - skip non existing resourceDirectory C:\0.encore\01.java\190722_jsoup댓글크롤링\조영욱\step11_jsoupTest_\src\test\resources
2019-08-10 10:56:29,477 [Worker-11: Building workspace] WARN  o.e.m.c.i.embedder.EclipseLogger - Using platform encoding (MS949 actually) to copy filtered resources, i.e. build is platform dependent!
2019-08-10 10:56:29,494 [Worker-11: Building workspace] INFO  o.e.m.c.i.embedder.EclipseLogger - skip non existing resourceDirectory C:\0.encore\01.java\step12_JDBC\src\main\resources
2019-08-10 10:56:29,495 [Worker-11: Building workspace] WARN  o.e.m.c.i.embedder.EclipseLogger - Using platform encoding (MS949 actually) to copy filtered resources, i.e. build is platform dependent!
2019-08-10 10:56:29,514 [Worker-11: Building workspace] INFO  o.e.m.c.i.embedder.EclipseLogger - skip non existing resourceDirectory C:\0.encore\01.java\step12_JDBC\src\test\resources
2019-08-10 10:56:29,651 [Worker-11: Building workspace] WARN  o.e.m.c.i.embedder.EclipseLogger - Using platform encoding (MS949 actually) to copy filtered resources, i.e. build is platform dependent!
2019-08-10 10:56:29,664 [Worker-11: Building workspace] INFO  o.e.m.c.i.embedder.EclipseLogger - skip non existing resourceDirectory C:\0.encore\01.java\step12_JDBC_t\src\main\resources
2019-08-10 10:56:29,665 [Worker-11: Building workspace] WARN  o.e.m.c.i.embedder.EclipseLogger - Using platform encoding (MS949 actually) to copy filtered resources, i.e. build is platform dependent!
2019-08-10 10:56:29,683 [Worker-11: Building workspace] INFO  o.e.m.c.i.embedder.EclipseLogger - skip non existing resourceDirectory C:\0.encore\01.java\step12_JDBC_t\src\test\resources
2019-08-10 10:56:30,359 [Worker-11: Building workspace] WARN  o.e.m.c.i.embedder.EclipseLogger - Using platform encoding (MS949 actually) to copy filtered resources, i.e. build is platform dependent!
2019-08-10 10:56:30,370 [Worker-11: Building workspace] INFO  o.e.m.c.i.embedder.EclipseLogger - skip non existing resourceDirectory C:\0.encore\01.java\vendingMachine\src\main\resources
2019-08-10 10:56:30,371 [Worker-11: Building workspace] WARN  o.e.m.c.i.embedder.EclipseLogger - Using platform encoding (MS949 actually) to copy filtered resources, i.e. build is platform dependent!
2019-08-10 10:56:30,389 [Worker-11: Building workspace] INFO  o.e.m.c.i.embedder.EclipseLogger - skip non existing resourceDirectory C:\0.encore\01.java\vendingMachine\src\test\resources
2019-08-10 11:02:27,236 [Worker-4: Loading available Gradle versions] INFO  c.g.t.t.d.PublishedGradleVersions - Gradle version information cache is up-to-date. Trying to read.
2019-08-10 11:02:37,931 [Worker-13: Building workspace] WARN  o.e.m.c.i.embedder.EclipseLogger - Using platform encoding (MS949 actually) to copy filtered resources, i.e. build is platform dependent!
2019-08-10 11:02:38,106 [Worker-13: Building workspace] INFO  o.e.m.c.i.embedder.EclipseLogger - Copying 0 resource
2019-08-10 11:02:38,110 [Worker-13: Building workspace] WARN  o.e.m.c.i.embedder.EclipseLogger - Using platform encoding (MS949 actually) to copy filtered resources, i.e. build is platform dependent!
2019-08-10 11:02:38,125 [Worker-13: Building workspace] INFO  o.e.m.c.i.embedder.EclipseLogger - Copying 0 resource
2019-08-10 11:02:40,636 [Worker-3: Building workspace] WARN  o.e.m.c.i.embedder.EclipseLogger - Using platform encoding (MS949 actually) to copy filtered resources, i.e. build is platform dependent!
2019-08-10 11:02:40,743 [Worker-3: Building workspace] INFO  o.e.m.c.i.embedder.EclipseLogger - skip non existing resourceDirectory C:\0.encore\01.java\190722_jsoup댓글크롤링\변영인\Project_Mini_WebCrawler\src\main\resources
2019-08-10 11:02:40,748 [Worker-3: Building workspace] WARN  o.e.m.c.i.embedder.EclipseLogger - Using platform encoding (MS949 actually) to copy filtered resources, i.e. build is platform dependent!
2019-08-10 11:02:40,836 [Worker-3: Building workspace] INFO  o.e.m.c.i.embedder.EclipseLogger - skip non existing resourceDirectory C:\0.encore\01.java\190722_jsoup댓글크롤링\변영인\Project_Mini_WebCrawler\src\test\resources
2019-08-10 11:02:42,575 [Worker-15: Building workspace] WARN  o.e.m.c.i.embedder.EclipseLogger - Using platform encoding (MS949 actually) to copy filtered resources, i.e. build is platform dependent!
2019-08-10 11:02:42,605 [Worker-15: Building workspace] INFO  o.e.m.c.i.embedder.EclipseLogger - skip non existing resourceDirectory C:\0.encore\01.java\Step14_TeamProject\src\main\resources
2019-08-10 11:02:42,607 [Worker-15: Building workspace] WARN  o.e.m.c.i.embedder.EclipseLogger - Using platform encoding (MS949 actually) to copy filtered resources, i.e. build is platform dependent!
2019-08-10 11:02:42,627 [Worker-15: Building workspace] INFO  o.e.m.c.i.embedder.EclipseLogger - skip non existing resourceDirectory C:\0.encore\01.java\Step14_TeamProject\src\test\resources
2019-08-10 11:02:43,121 [Worker-15: Building workspace] WARN  o.e.m.c.i.embedder.EclipseLogger - Using platform encoding (MS949 actually) to copy filtered resources, i.e. build is platform dependent!
2019-08-10 11:02:43,134 [Worker-15: Building workspace] INFO  o.e.m.c.i.embedder.EclipseLogger - skip non existing resourceDirectory C:\0.encore\01.java\step10_library-master\step10_library-master\target\classes\META-INF\maven\encore\step10_library-master\src\main\resources
2019-08-10 11:02:43,135 [Worker-15: Building workspace] WARN  o.e.m.c.i.embedder.EclipseLogger - Using platform encoding (MS949 actually) to copy filtered resources, i.e. build is platform dependent!
2019-08-10 11:02:43,156 [Worker-15: Building workspace] INFO  o.e.m.c.i.embedder.EclipseLogger - skip non existing resourceDirectory C:\0.encore\01.java\step10_library-master\step10_library-master\target\classes\META-INF\maven\encore\step10_library-master\src\test\resources
2019-08-10 11:02:48,145 [Worker-18: Building workspace] WARN  o.e.m.c.i.embedder.EclipseLogger - Using platform encoding (MS949 actually) to copy filtered resources, i.e. build is platform dependent!
2019-08-10 11:02:48,155 [Worker-18: Building workspace] INFO  o.e.m.c.i.embedder.EclipseLogger - skip non existing resourceDirectory C:\0.encore\01.java\step07_mavenlombok\src\main\resources
2019-08-10 11:02:48,156 [Worker-18: Building workspace] WARN  o.e.m.c.i.embedder.EclipseLogger - Using platform encoding (MS949 actually) to copy filtered resources, i.e. build is platform dependent!
2019-08-10 11:02:48,173 [Worker-18: Building workspace] INFO  o.e.m.c.i.embedder.EclipseLogger - skip non existing resourceDirectory C:\0.encore\01.java\step07_mavenlombok\src\test\resources
2019-08-10 11:02:48,389 [Worker-18: Building workspace] WARN  o.e.m.c.i.embedder.EclipseLogger - Using platform encoding (MS949 actually) to copy filtered resources, i.e. build is platform dependent!
2019-08-10 11:02:48,403 [Worker-18: Building workspace] INFO  o.e.m.c.i.embedder.EclipseLogger - skip non existing resourceDirectory C:\0.encore\01.java\step08_API\src\main\resources
2019-08-10 11:02:48,405 [Worker-18: Building workspace] WARN  o.e.m.c.i.embedder.EclipseLogger - Using platform encoding (MS949 actually) to copy filtered resources, i.e. build is platform dependent!
2019-08-10 11:02:48,419 [Worker-18: Building workspace] INFO  o.e.m.c.i.embedder.EclipseLogger - skip non existing resourceDirectory C:\0.encore\01.java\step08_API\src\test\resources
2019-08-10 11:02:48,629 [Worker-18: Building workspace] WARN  o.e.m.c.i.embedder.EclipseLogger - Using platform encoding (MS949 actually) to copy filtered resources, i.e. build is platform dependent!
2019-08-10 11:02:48,642 [Worker-18: Building workspace] INFO  o.e.m.c.i.embedder.EclipseLogger - skip non existing resourceDirectory C:\0.encore\01.java\step08_API_MBA\src\main\resources
2019-08-10 11:02:48,643 [Worker-18: Building workspace] WARN  o.e.m.c.i.embedder.EclipseLogger - Using platform encoding (MS949 actually) to copy filtered resources, i.e. build is platform dependent!
2019-08-10 11:02:48,665 [Worker-18: Building workspace] INFO  o.e.m.c.i.embedder.EclipseLogger - skip non existing resourceDirectory C:\0.encore\01.java\step08_API_MBA\src\test\resources
2019-08-10 11:02:49,086 [Worker-18: Building workspace] WARN  o.e.m.c.i.embedder.EclipseLogger - Using platform encoding (MS949 actually) to copy filtered resources, i.e. build is platform dependent!
2019-08-10 11:02:49,096 [Worker-18: Building workspace] INFO  o.e.m.c.i.embedder.EclipseLogger - skip non existing resourceDirectory C:\0.encore\01.java\step10_OOPProject\src\main\resources
2019-08-10 11:02:49,101 [Worker-18: Building workspace] WARN  o.e.m.c.i.embedder.EclipseLogger - Using platform encoding (MS949 actually) to copy filtered resources, i.e. build is platform dependent!
2019-08-10 11:02:49,118 [Worker-18: Building workspace] INFO  o.e.m.c.i.embedder.EclipseLogger - skip non existing resourceDirectory C:\0.encore\01.java\step10_OOPProject\src\test\resources
2019-08-10 11:02:49,677 [Worker-13: Building workspace] WARN  o.e.m.c.i.embedder.EclipseLogger - Using platform encoding (MS949 actually) to copy filtered resources, i.e. build is platform dependent!
2019-08-10 11:02:49,690 [Worker-13: Building workspace] INFO  o.e.m.c.i.embedder.EclipseLogger - skip non existing resourceDirectory C:\0.encore\01.java\step10_library-master\step10_library-master\step10_library\src\main\resources
2019-08-10 11:02:49,691 [Worker-13: Building workspace] WARN  o.e.m.c.i.embedder.EclipseLogger - Using platform encoding (MS949 actually) to copy filtered resources, i.e. build is platform dependent!
2019-08-10 11:02:49,711 [Worker-13: Building workspace] INFO  o.e.m.c.i.embedder.EclipseLogger - skip non existing resourceDirectory C:\0.encore\01.java\step10_library-master\step10_library-master\step10_library\src\test\resources
2019-08-10 11:02:50,014 [Worker-13: Building workspace] WARN  o.e.m.c.i.embedder.EclipseLogger - Using platform encoding (MS949 actually) to copy filtered resources, i.e. build is platform dependent!
2019-08-10 11:02:50,025 [Worker-13: Building workspace] INFO  o.e.m.c.i.embedder.EclipseLogger - skip non existing resourceDirectory C:\0.encore\01.java\step11_jsoupTest\src\main\resources
2019-08-10 11:02:50,027 [Worker-13: Building workspace] WARN  o.e.m.c.i.embedder.EclipseLogger - Using platform encoding (MS949 actually) to copy filtered resources, i.e. build is platform dependent!
2019-08-10 11:02:50,044 [Worker-13: Building workspace] INFO  o.e.m.c.i.embedder.EclipseLogger - skip non existing resourceDirectory C:\0.encore\01.java\step11_jsoupTest\src\test\resources
2019-08-10 11:02:50,162 [Worker-13: Building workspace] WARN  o.e.m.c.i.embedder.EclipseLogger - Using platform encoding (MS949 actually) to copy filtered resources, i.e. build is platform dependent!
2019-08-10 11:02:50,172 [Worker-13: Building workspace] INFO  o.e.m.c.i.embedder.EclipseLogger - skip non existing resourceDirectory C:\0.encore\01.java\190722_jsoup댓글크롤링\조영욱\step11_jsoupTest_\src\main\resources
2019-08-10 11:02:50,173 [Worker-13: Building workspace] WARN  o.e.m.c.i.embedder.EclipseLogger - Using platform encoding (MS949 actually) to copy filtered resources, i.e. build is platform dependent!
2019-08-10 11:02:50,190 [Worker-13: Building workspace] INFO  o.e.m.c.i.embedder.EclipseLogger - skip non existing resourceDirectory C:\0.encore\01.java\190722_jsoup댓글크롤링\조영욱\step11_jsoupTest_\src\test\resources
2019-08-10 11:02:50,318 [Worker-13: Building workspace] WARN  o.e.m.c.i.embedder.EclipseLogger - Using platform encoding (MS949 actually) to copy filtered resources, i.e. build is platform dependent!
2019-08-10 11:02:50,326 [Worker-13: Building workspace] INFO  o.e.m.c.i.embedder.EclipseLogger - skip non existing resourceDirectory C:\0.encore\01.java\step12_JDBC\src\main\resources
2019-08-10 11:02:50,327 [Worker-13: Building workspace] WARN  o.e.m.c.i.embedder.EclipseLogger - Using platform encoding (MS949 actually) to copy filtered resources, i.e. build is platform dependent!
2019-08-10 11:02:50,343 [Worker-13: Building workspace] INFO  o.e.m.c.i.embedder.EclipseLogger - skip non existing resourceDirectory C:\0.encore\01.java\step12_JDBC\src\test\resources
2019-08-10 11:02:50,483 [Worker-13: Building workspace] WARN  o.e.m.c.i.embedder.EclipseLogger - Using platform encoding (MS949 actually) to copy filtered resources, i.e. build is platform dependent!
2019-08-10 11:02:50,493 [Worker-13: Building workspace] INFO  o.e.m.c.i.embedder.EclipseLogger - skip non existing resourceDirectory C:\0.encore\01.java\step12_JDBC_t\src\main\resources
2019-08-10 11:02:50,494 [Worker-13: Building workspace] WARN  o.e.m.c.i.embedder.EclipseLogger - Using platform encoding (MS949 actually) to copy filtered resources, i.e. build is platform dependent!
2019-08-10 11:02:50,509 [Worker-13: Building workspace] INFO  o.e.m.c.i.embedder.EclipseLogger - skip non existing resourceDirectory C:\0.encore\01.java\step12_JDBC_t\src\test\resources
2019-08-10 11:02:51,055 [Worker-13: Building workspace] WARN  o.e.m.c.i.embedder.EclipseLogger - Using platform encoding (MS949 actually) to copy filtered resources, i.e. build is platform dependent!
2019-08-10 11:02:51,064 [Worker-13: Building workspace] INFO  o.e.m.c.i.embedder.EclipseLogger - skip non existing resourceDirectory C:\0.encore\01.java\vendingMachine\src\main\resources
2019-08-10 11:02:51,065 [Worker-13: Building workspace] WARN  o.e.m.c.i.embedder.EclipseLogger - Using platform encoding (MS949 actually) to copy filtered resources, i.e. build is platform dependent!
2019-08-10 11:02:51,081 [Worker-13: Building workspace] INFO  o.e.m.c.i.embedder.EclipseLogger - skip non existing resourceDirectory C:\0.encore\01.java\vendingMachine\src\test\resources
2019-08-10 11:06:08,047 [Worker-0: Loading available Gradle versions] INFO  c.g.t.t.d.PublishedGradleVersions - Gradle version information cache is up-to-date. Trying to read.
